<?xml version="1.0" encoding="UTF-8"?>
<!-- Generated by org.testng.reporters.JUnitReportReporter -->
<testsuite skipped="0" hostname="HP" name="com.HomeStoreandMore.base.TestLog4j" tests="1" failures="0" timestamp="2019-12-28T15:51:27 GMT" time="0.000" errors="0">
  <testcase name="testLogin" time="0.000" classname="com.HomeStoreandMore.base.TestLog4j"/>
</testsuite> <!-- com.HomeStoreandMore.base.TestLog4j -->
