<?xml version="1.0" encoding="UTF-8"?>
<!-- Generated by org.testng.reporters.JUnitReportReporter -->
<testsuite skipped="0" hostname="HP" name="com.HomeStoreandMore.test.LoginTest" tests="1" failures="0" timestamp="2019-12-31T16:31:35 GMT" time="1.940" errors="0">
  <testcase name="loginToStoreTest" time="1.940" classname="com.HomeStoreandMore.test.LoginTest"/>
  <system-out/>
</testsuite> <!-- com.HomeStoreandMore.test.LoginTest -->
